#0 building with "default" instance using docker driver

#1 [internal] load build definition from Dockerfile
#1 transferring dockerfile: 793B done
#1 DONE 0.0s

#2 [internal] load metadata for docker.io/library/node:22-alpine
#2 DONE 0.5s

#3 [internal] load .dockerignore
#3 transferring context: 2B done
#3 DONE 0.0s

#4 [build 1/8] FROM docker.io/library/node:22-alpine@sha256:0340fa682d72068edf603c305bfbc10e23219fb0e40df58d9ea4d6f33a9798bf
#4 resolve docker.io/library/node:22-alpine@sha256:0340fa682d72068edf603c305bfbc10e23219fb0e40df58d9ea4d6f33a9798bf 0.0s done
#4 DONE 0.0s

#5 [build 2/8] WORKDIR /app
#5 CACHED

#6 [internal] load build context
#6 transferring context: 1.33kB done
#6 DONE 0.0s

#7 [build 3/8] RUN apk add --no-cache python3 make g++
#7 0.967 ( 1/29) Installing libstdc++-dev (15.2.0-r2)
#7 1.182 ( 2/29) Installing jansson (2.14.1-r0)
#7 1.216 ( 3/29) Installing zstd-libs (1.5.7-r2)
#7 1.266 ( 4/29) Installing binutils (2.45.1-r0)
#7 1.437 ( 5/29) Installing libgomp (15.2.0-r2)
#7 1.476 ( 6/29) Installing libatomic (15.2.0-r2)
#7 1.506 ( 7/29) Installing gmp (6.3.0-r4)
#7 1.550 ( 8/29) Installing isl26 (0.26-r1)
#7 1.620 ( 9/29) Installing mpfr4 (4.2.2-r0)
#7 1.666 (10/29) Installing mpc1 (1.3.1-r1)
#7 1.699 (11/29) Installing gcc (15.2.0-r2)
#7 5.342 (12/29) Installing musl-dev (1.2.5-r21)
#7 5.730 (13/29) Installing g++ (15.2.0-r2)
#7 8.048 (14/29) Installing make (4.4.1-r3)
#7 8.092 (15/29) Installing libbz2 (1.0.8-r6)
#7 8.139 (16/29) Installing libexpat (2.7.3-r0)
#7 8.173 (17/29) Installing libffi (3.5.2-r0)
#7 8.204 (18/29) Installing gdbm (1.26-r0)
#7 8.235 (19/29) Installing xz-libs (5.8.1-r0)
#7 8.277 (20/29) Installing mpdecimal (4.0.1-r0)
#7 8.315 (21/29) Installing ncurses-terminfo-base (6.5_p20251123-r0)
#7 8.350 (22/29) Installing libncursesw (6.5_p20251123-r0)
#7 8.397 (23/29) Installing libpanelw (6.5_p20251123-r0)
#7 8.432 (24/29) Installing readline (8.3.1-r0)
#7 8.476 (25/29) Installing sqlite-libs (3.51.1-r0)
#7 8.612 (26/29) Installing python3 (3.12.12-r0)
#7 9.980 (27/29) Installing python3-pycache-pyc0 (3.12.12-r0)
#7 10.64 (28/29) Installing pyc (3.12.12-r0)
#7 10.64 (29/29) Installing python3-pyc (3.12.12-r0)
#7 10.64 Executing busybox-1.37.0-r30.trigger
#7 10.66 OK: 301.2 MiB in 47 packages
#7 DONE 10.8s

#8 [build 4/8] COPY package*.json ./
#8 DONE 0.1s

#9 [build 5/8] RUN npm ci --verbose --fetch-timeout=60000 --fetch-retries=3
#9 0.341 npm verbose cli /usr/local/bin/node /usr/local/bin/npm
#9 0.341 npm info using npm@10.9.4
#9 0.341 npm info using node@v22.21.1
#9 0.346 npm verbose title npm ci
#9 0.346 npm verbose argv "ci" "--loglevel" "verbose" "--fetch-timeout" "60000" "--fetch-retries" "3"
#9 0.346 npm verbose logfile logs-max:10 dir:/root/.npm/_logs/2026-01-05T09_04_26_488Z-
#9 0.348 npm verbose logfile /root/.npm/_logs/2026-01-05T09_04_26_488Z-debug-0.log
#9 0.901 npm verbose reify failed optional dependency /app/node_modules/fsevents
#9 0.906 npm verbose reify failed optional dependency /app/node_modules/@esbuild/win32-x64
#9 0.906 npm verbose reify failed optional dependency /app/node_modules/@esbuild/win32-ia32
#9 0.906 npm verbose reify failed optional dependency /app/node_modules/@esbuild/win32-arm64
#9 0.906 npm verbose reify failed optional dependency /app/node_modules/@esbuild/sunos-x64
#9 0.907 npm verbose reify failed optional dependency /app/node_modules/@esbuild/openharmony-arm64
#9 0.907 npm verbose reify failed optional dependency /app/node_modules/@esbuild/openbsd-x64
#9 0.907 npm verbose reify failed optional dependency /app/node_modules/@esbuild/openbsd-arm64
#9 0.907 npm verbose reify failed optional dependency /app/node_modules/@esbuild/netbsd-x64
#9 0.907 npm verbose reify failed optional dependency /app/node_modules/@esbuild/netbsd-arm64
#9 0.908 npm verbose reify failed optional dependency /app/node_modules/@esbuild/linux-s390x
#9 0.908 npm verbose reify failed optional dependency /app/node_modules/@esbuild/linux-riscv64
#9 0.908 npm verbose reify failed optional dependency /app/node_modules/@esbuild/linux-ppc64
#9 0.908 npm verbose reify failed optional dependency /app/node_modules/@esbuild/linux-mips64el
#9 0.908 npm verbose reify failed optional dependency /app/node_modules/@esbuild/linux-loong64
#9 0.908 npm verbose reify failed optional dependency /app/node_modules/@esbuild/linux-ia32
#9 0.908 npm verbose reify failed optional dependency /app/node_modules/@esbuild/linux-arm64
#9 0.908 npm verbose reify failed optional dependency /app/node_modules/@esbuild/linux-arm
#9 0.908 npm verbose reify failed optional dependency /app/node_modules/@esbuild/freebsd-x64
#9 0.908 npm verbose reify failed optional dependency /app/node_modules/@esbuild/freebsd-arm64
#9 0.908 npm verbose reify failed optional dependency /app/node_modules/@esbuild/darwin-x64
#9 0.908 npm verbose reify failed optional dependency /app/node_modules/@esbuild/darwin-arm64
#9 0.908 npm verbose reify failed optional dependency /app/node_modules/@esbuild/android-x64
#9 0.908 npm verbose reify failed optional dependency /app/node_modules/@esbuild/android-arm64
#9 0.908 npm verbose reify failed optional dependency /app/node_modules/@esbuild/android-arm
#9 0.908 npm verbose reify failed optional dependency /app/node_modules/@esbuild/aix-ppc64
#9 0.943 npm http cache xtend@https://registry.npmjs.org/xtend/-/xtend-4.0.2.tgz 1ms (cache hit)
#9 0.945 npm http cache util-deprecate@https://registry.npmjs.org/util-deprecate/-/util-deprecate-1.0.2.tgz 0ms (cache hit)
#9 0.945 npm http cache vary@https://registry.npmjs.org/vary/-/vary-1.1.2.tgz 0ms (cache hit)
#9 0.945 npm http cache unpipe@https://registry.npmjs.org/unpipe/-/unpipe-1.0.0.tgz 0ms (cache hit)
#9 0.946 npm http cache undici-types@https://registry.npmjs.org/undici-types/-/undici-types-7.14.0.tgz 0ms (cache hit)
#9 0.946 npm http cache wrappy@https://registry.npmjs.org/wrappy/-/wrappy-1.0.2.tgz 0ms (cache hit)
#9 0.946 npm http cache type-is@https://registry.npmjs.org/type-is/-/type-is-2.0.1.tgz 0ms (cache hit)
#9 0.946 npm http cache tsx@https://registry.npmjs.org/tsx/-/tsx-4.20.6.tgz 0ms (cache hit)
#9 0.947 npm http cache tunnel-agent@https://registry.npmjs.org/tunnel-agent/-/tunnel-agent-0.6.0.tgz 0ms (cache hit)
#9 0.947 npm http cache typescript@https://registry.npmjs.org/typescript/-/typescript-5.9.3.tgz 0ms (cache hit)
#9 0.948 npm http cache toidentifier@https://registry.npmjs.org/toidentifier/-/toidentifier-1.0.1.tgz 0ms (cache hit)
#9 0.948 npm http cache tar-stream@https://registry.npmjs.org/tar-stream/-/tar-stream-2.2.0.tgz 0ms (cache hit)
#9 0.948 npm http cache tar-fs@https://registry.npmjs.org/tar-fs/-/tar-fs-2.1.4.tgz 0ms (cache hit)
#9 0.948 npm http cache statuses@https://registry.npmjs.org/statuses/-/statuses-2.0.2.tgz 0ms (cache hit)
#9 0.948 npm http cache string_decoder@https://registry.npmjs.org/string_decoder/-/string_decoder-1.3.0.tgz 0ms (cache hit)
#9 0.948 npm http cache strip-json-comments@https://registry.npmjs.org/strip-json-comments/-/strip-json-comments-2.0.1.tgz 0ms (cache hit)
#9 0.948 npm http cache split2@https://registry.npmjs.org/split2/-/split2-4.2.0.tgz 0ms (cache hit)
#9 0.948 npm http cache simple-get@https://registry.npmjs.org/simple-get/-/simple-get-4.0.1.tgz 0ms (cache hit)
#9 0.948 npm http cache side-channel-weakmap@https://registry.npmjs.org/side-channel-weakmap/-/side-channel-weakmap-1.0.2.tgz 0ms (cache hit)
#9 0.948 npm http cache simple-concat@https://registry.npmjs.org/simple-concat/-/simple-concat-1.0.1.tgz 0ms (cache hit)
#9 0.948 npm http cache side-channel@https://registry.npmjs.org/side-channel/-/side-channel-1.1.0.tgz 0ms (cache hit)
#9 0.948 npm http cache side-channel-list@https://registry.npmjs.org/side-channel-list/-/side-channel-list-1.0.0.tgz 0ms (cache hit)
#9 0.948 npm http cache side-channel-map@https://registry.npmjs.org/side-channel-map/-/side-channel-map-1.0.1.tgz 0ms (cache hit)
#9 0.949 npm http cache setprototypeof@https://registry.npmjs.org/setprototypeof/-/setprototypeof-1.2.0.tgz 0ms (cache hit)
#9 0.949 npm http cache serve-static@https://registry.npmjs.org/serve-static/-/serve-static-2.2.0.tgz 0ms (cache hit)
#9 0.949 npm http cache send@https://registry.npmjs.org/send/-/send-1.2.0.tgz 0ms (cache hit)
#9 0.949 npm http cache semver@https://registry.npmjs.org/semver/-/semver-7.7.3.tgz 0ms (cache hit)
#9 0.949 npm http cache safe-buffer@https://registry.npmjs.org/safe-buffer/-/safe-buffer-5.2.1.tgz 0ms (cache hit)
#9 0.949 npm http cache safer-buffer@https://registry.npmjs.org/safer-buffer/-/safer-buffer-2.1.2.tgz 0ms (cache hit)
#9 0.949 npm http cache router@https://registry.npmjs.org/router/-/router-2.2.0.tgz 0ms (cache hit)
#9 0.949 npm http cache readable-stream@https://registry.npmjs.org/readable-stream/-/readable-stream-3.6.2.tgz 0ms (cache hit)
#9 0.949 npm http cache resolve-pkg-maps@https://registry.npmjs.org/resolve-pkg-maps/-/resolve-pkg-maps-1.0.0.tgz 0ms (cache hit)
#9 0.949 npm http cache range-parser@https://registry.npmjs.org/range-parser/-/range-parser-1.2.1.tgz 0ms (cache hit)
#9 0.949 npm http cache raw-body@https://registry.npmjs.org/raw-body/-/raw-body-3.0.1.tgz 0ms (cache hit)
#9 0.949 npm http cache rc@https://registry.npmjs.org/rc/-/rc-1.2.8.tgz 0ms (cache hit)
#9 0.949 npm http cache pump@https://registry.npmjs.org/pump/-/pump-3.0.3.tgz 0ms (cache hit)
#9 0.949 npm http cache qs@https://registry.npmjs.org/qs/-/qs-6.14.0.tgz 0ms (cache hit)
#9 0.949 npm http cache proxy-addr@https://registry.npmjs.org/proxy-addr/-/proxy-addr-2.0.7.tgz 0ms (cache hit)
#9 0.950 npm http cache prebuild-install@https://registry.npmjs.org/prebuild-install/-/prebuild-install-7.1.3.tgz 1ms (cache hit)
#9 0.950 npm http cache postgres-interval@https://registry.npmjs.org/postgres-interval/-/postgres-interval-1.2.0.tgz 0ms (cache hit)
#9 0.950 npm http cache postgres-date@https://registry.npmjs.org/postgres-date/-/postgres-date-1.0.7.tgz 0ms (cache hit)
#9 0.950 npm http cache postgres-bytea@https://registry.npmjs.org/postgres-bytea/-/postgres-bytea-1.0.0.tgz 0ms (cache hit)
#9 0.950 npm http cache pgpass@https://registry.npmjs.org/pgpass/-/pgpass-1.0.5.tgz 0ms (cache hit)
#9 0.950 npm http cache postgres-array@https://registry.npmjs.org/postgres-array/-/postgres-array-2.0.0.tgz 0ms (cache hit)
#9 0.950 npm http cache pg-pool@https://registry.npmjs.org/pg-pool/-/pg-pool-3.10.1.tgz 0ms (cache hit)
#9 0.950 npm http cache pg-protocol@https://registry.npmjs.org/pg-protocol/-/pg-protocol-1.10.3.tgz 0ms (cache hit)
#9 0.950 npm http cache pg-types@https://registry.npmjs.org/pg-types/-/pg-types-2.2.0.tgz 0ms (cache hit)
#9 0.950 npm http cache pg-int8@https://registry.npmjs.org/pg-int8/-/pg-int8-1.0.1.tgz 0ms (cache hit)
#9 0.950 npm http cache pg-connection-string@https://registry.npmjs.org/pg-connection-string/-/pg-connection-string-2.9.1.tgz 0ms (cache hit)
#9 0.950 npm http cache pg-cloudflare@https://registry.npmjs.org/pg-cloudflare/-/pg-cloudflare-1.2.7.tgz 0ms (cache hit)
#9 0.950 npm http cache pg@https://registry.npmjs.org/pg/-/pg-8.16.3.tgz 0ms (cache hit)
#9 0.951 npm http cache parseurl@https://registry.npmjs.org/parseurl/-/parseurl-1.3.3.tgz 0ms (cache hit)
#9 0.951 npm http cache path-to-regexp@https://registry.npmjs.org/path-to-regexp/-/path-to-regexp-8.3.0.tgz 0ms (cache hit)
#9 0.951 npm http cache once@https://registry.npmjs.org/once/-/once-1.4.0.tgz 0ms (cache hit)
#9 0.951 npm http cache on-finished@https://registry.npmjs.org/on-finished/-/on-finished-2.4.1.tgz 0ms (cache hit)
#9 0.951 npm http cache on-headers@https://registry.npmjs.org/on-headers/-/on-headers-1.1.0.tgz 0ms (cache hit)
#9 0.951 npm http cache object-inspect@https://registry.npmjs.org/object-inspect/-/object-inspect-1.13.4.tgz 0ms (cache hit)
#9 0.951 npm http cache node-abi@https://registry.npmjs.org/node-abi/-/node-abi-3.78.0.tgz 0ms (cache hit)
#9 0.951 npm http cache object-assign@https://registry.npmjs.org/object-assign/-/object-assign-4.1.1.tgz 0ms (cache hit)
#9 0.951 npm http cache ms@https://registry.npmjs.org/ms/-/ms-2.1.3.tgz 0ms (cache hit)
#9 0.951 npm http cache negotiator@https://registry.npmjs.org/negotiator/-/negotiator-1.0.0.tgz 0ms (cache hit)
#9 0.951 npm http cache napi-build-utils@https://registry.npmjs.org/napi-build-utils/-/napi-build-utils-2.0.0.tgz 0ms (cache hit)
#9 0.951 npm http cache morgan@https://registry.npmjs.org/morgan/-/morgan-1.10.1.tgz 0ms (cache hit)
#9 0.952 npm http cache mkdirp-classic@https://registry.npmjs.org/mkdirp-classic/-/mkdirp-classic-0.5.3.tgz 0ms (cache hit)
#9 0.952 npm http cache minimist@https://registry.npmjs.org/minimist/-/minimist-1.2.8.tgz 0ms (cache hit)
#9 0.952 npm http cache mime-db@https://registry.npmjs.org/mime-db/-/mime-db-1.54.0.tgz 0ms (cache hit)
#9 0.952 npm http cache mimic-response@https://registry.npmjs.org/mimic-response/-/mimic-response-3.1.0.tgz 0ms (cache hit)
#9 0.952 npm http cache mime-types@https://registry.npmjs.org/mime-types/-/mime-types-3.0.1.tgz 0ms (cache hit)
#9 0.952 npm http cache media-typer@https://registry.npmjs.org/media-typer/-/media-typer-1.1.0.tgz 0ms (cache hit)
#9 0.952 npm http cache merge-descriptors@https://registry.npmjs.org/merge-descriptors/-/merge-descriptors-2.0.0.tgz 0ms (cache hit)
#9 0.952 npm http cache math-intrinsics@https://registry.npmjs.org/math-intrinsics/-/math-intrinsics-1.1.0.tgz 0ms (cache hit)
#9 0.952 npm http cache lodash.once@https://registry.npmjs.org/lodash.once/-/lodash.once-4.1.1.tgz 0ms (cache hit)
#9 0.953 npm http cache lodash.isstring@https://registry.npmjs.org/lodash.isstring/-/lodash.isstring-4.0.1.tgz 0ms (cache hit)
#9 0.953 npm http cache lodash.isplainobject@https://registry.npmjs.org/lodash.isplainobject/-/lodash.isplainobject-4.0.6.tgz 0ms (cache hit)
#9 0.953 npm http cache lodash.isinteger@https://registry.npmjs.org/lodash.isinteger/-/lodash.isinteger-4.0.4.tgz 0ms (cache hit)
#9 0.953 npm http cache lodash.isnumber@https://registry.npmjs.org/lodash.isnumber/-/lodash.isnumber-3.0.3.tgz 0ms (cache hit)
#9 0.953 npm http cache lodash.includes@https://registry.npmjs.org/lodash.includes/-/lodash.includes-4.3.0.tgz 0ms (cache hit)
#9 0.953 npm http cache jws@https://registry.npmjs.org/jws/-/jws-3.2.2.tgz 0ms (cache hit)
#9 0.954 npm http cache lodash.isboolean@https://registry.npmjs.org/lodash.isboolean/-/lodash.isboolean-3.0.3.tgz 0ms (cache hit)
#9 0.954 npm http cache is-promise@https://registry.npmjs.org/is-promise/-/is-promise-4.0.0.tgz 0ms (cache hit)
#9 0.954 npm http cache jsonwebtoken@https://registry.npmjs.org/jsonwebtoken/-/jsonwebtoken-9.0.2.tgz 0ms (cache hit)
#9 0.954 npm http cache jwa@https://registry.npmjs.org/jwa/-/jwa-1.4.2.tgz 0ms (cache hit)
#9 0.954 npm http cache ipaddr.js@https://registry.npmjs.org/ipaddr.js/-/ipaddr.js-1.9.1.tgz 0ms (cache hit)
#9 0.954 npm http cache ini@https://registry.npmjs.org/ini/-/ini-1.3.8.tgz 0ms (cache hit)
#9 0.954 npm http cache inherits@https://registry.npmjs.org/inherits/-/inherits-2.0.4.tgz 0ms (cache hit)
#9 0.954 npm http cache ieee754@https://registry.npmjs.org/ieee754/-/ieee754-1.2.1.tgz 0ms (cache hit)
#9 0.954 npm http cache hasown@https://registry.npmjs.org/hasown/-/hasown-2.0.2.tgz 0ms (cache hit)
#9 0.954 npm http cache iconv-lite@https://registry.npmjs.org/iconv-lite/-/iconv-lite-0.6.3.tgz 0ms (cache hit)
#9 0.954 npm http cache has-symbols@https://registry.npmjs.org/has-symbols/-/has-symbols-1.1.0.tgz 0ms (cache hit)
#9 0.955 npm http cache http-errors@https://registry.npmjs.org/http-errors/-/http-errors-2.0.0.tgz 0ms (cache hit)
#9 0.955 npm http cache gopd@https://registry.npmjs.org/gopd/-/gopd-1.2.0.tgz 0ms (cache hit)
#9 0.955 npm http cache get-tsconfig@https://registry.npmjs.org/get-tsconfig/-/get-tsconfig-4.12.0.tgz 0ms (cache hit)
#9 0.955 npm http cache github-from-package@https://registry.npmjs.org/github-from-package/-/github-from-package-0.0.0.tgz 0ms (cache hit)
#9 0.955 npm http cache get-proto@https://registry.npmjs.org/get-proto/-/get-proto-1.0.1.tgz 0ms (cache hit)
#9 0.955 npm http cache function-bind@https://registry.npmjs.org/function-bind/-/function-bind-1.1.2.tgz 0ms (cache hit)
#9 0.955 npm http cache get-intrinsic@https://registry.npmjs.org/get-intrinsic/-/get-intrinsic-1.3.0.tgz 0ms (cache hit)
#9 0.955 npm http cache fresh@https://registry.npmjs.org/fresh/-/fresh-2.0.0.tgz 0ms (cache hit)
#9 0.955 npm http cache fs-constants@https://registry.npmjs.org/fs-constants/-/fs-constants-1.0.0.tgz 0ms (cache hit)
#9 0.955 npm http cache forwarded@https://registry.npmjs.org/forwarded/-/forwarded-0.2.0.tgz 0ms (cache hit)
#9 0.955 npm http cache finalhandler@https://registry.npmjs.org/finalhandler/-/finalhandler-2.1.0.tgz 0ms (cache hit)
#9 0.955 npm http cache expand-template@https://registry.npmjs.org/expand-template/-/expand-template-2.0.3.tgz 0ms (cache hit)
#9 0.955 npm http cache express@https://registry.npmjs.org/express/-/express-5.1.0.tgz 0ms (cache hit)
#9 0.955 npm http cache file-uri-to-path@https://registry.npmjs.org/file-uri-to-path/-/file-uri-to-path-1.0.0.tgz 0ms (cache hit)
#9 0.955 npm http cache escape-html@https://registry.npmjs.org/escape-html/-/escape-html-1.0.3.tgz 0ms (cache hit)
#9 0.955 npm http cache etag@https://registry.npmjs.org/etag/-/etag-1.8.1.tgz 0ms (cache hit)
#9 0.956 npm http cache es-object-atoms@https://registry.npmjs.org/es-object-atoms/-/es-object-atoms-1.1.1.tgz 0ms (cache hit)
#9 0.956 npm http cache esbuild@https://registry.npmjs.org/esbuild/-/esbuild-0.25.10.tgz 0ms (cache hit)
#9 0.956 npm http cache es-errors@https://registry.npmjs.org/es-errors/-/es-errors-1.3.0.tgz 0ms (cache hit)
#9 0.956 npm http cache es-define-property@https://registry.npmjs.org/es-define-property/-/es-define-property-1.0.1.tgz 0ms (cache hit)
#9 0.956 npm http cache encodeurl@https://registry.npmjs.org/encodeurl/-/encodeurl-2.0.0.tgz 0ms (cache hit)
#9 0.956 npm http cache ee-first@https://registry.npmjs.org/ee-first/-/ee-first-1.1.1.tgz 0ms (cache hit)
#9 0.956 npm http cache end-of-stream@https://registry.npmjs.org/end-of-stream/-/end-of-stream-1.4.5.tgz 0ms (cache hit)
#9 0.956 npm http cache dunder-proto@https://registry.npmjs.org/dunder-proto/-/dunder-proto-1.0.1.tgz 0ms (cache hit)
#9 0.956 npm http cache ecdsa-sig-formatter@https://registry.npmjs.org/ecdsa-sig-formatter/-/ecdsa-sig-formatter-1.0.11.tgz 0ms (cache hit)
#9 0.956 npm http cache dotenv@https://registry.npmjs.org/dotenv/-/dotenv-17.2.3.tgz 0ms (cache hit)
#9 0.956 npm http cache depd@https://registry.npmjs.org/depd/-/depd-2.0.0.tgz 0ms (cache hit)
#9 0.956 npm http cache detect-libc@https://registry.npmjs.org/detect-libc/-/detect-libc-2.1.2.tgz 0ms (cache hit)
#9 0.957 npm http cache debug@https://registry.npmjs.org/debug/-/debug-4.4.3.tgz 0ms (cache hit)
#9 0.957 npm http cache deep-extend@https://registry.npmjs.org/deep-extend/-/deep-extend-0.6.0.tgz 0ms (cache hit)
#9 0.957 npm http cache decompress-response@https://registry.npmjs.org/decompress-response/-/decompress-response-6.0.0.tgz 0ms (cache hit)
#9 0.957 npm http cache cors@https://registry.npmjs.org/cors/-/cors-2.8.5.tgz 0ms (cache hit)
#9 0.957 npm http cache cookie-signature@https://registry.npmjs.org/cookie-signature/-/cookie-signature-1.0.6.tgz 0ms (cache hit)
#9 0.957 npm http cache cookie@https://registry.npmjs.org/cookie/-/cookie-0.7.2.tgz 0ms (cache hit)
#9 0.957 npm http cache cookie-parser@https://registry.npmjs.org/cookie-parser/-/cookie-parser-1.4.7.tgz 0ms (cache hit)
#9 0.957 npm http cache content-disposition@https://registry.npmjs.org/content-disposition/-/content-disposition-1.0.0.tgz 0ms (cache hit)
#9 0.957 npm http cache content-type@https://registry.npmjs.org/content-type/-/content-type-1.0.5.tgz 0ms (cache hit)
#9 0.957 npm http cache chownr@https://registry.npmjs.org/chownr/-/chownr-1.1.4.tgz 0ms (cache hit)
#9 0.958 npm http cache call-bind-apply-helpers@https://registry.npmjs.org/call-bind-apply-helpers/-/call-bind-apply-helpers-1.0.2.tgz 1ms (cache hit)
#9 0.958 npm http cache call-bound@https://registry.npmjs.org/call-bound/-/call-bound-1.0.4.tgz 0ms (cache hit)
#9 0.958 npm http cache bytes@https://registry.npmjs.org/bytes/-/bytes-3.1.2.tgz 0ms (cache hit)
#9 0.958 npm http cache buffer@https://registry.npmjs.org/buffer/-/buffer-5.7.1.tgz 0ms (cache hit)
#9 0.958 npm http cache buffer-equal-constant-time@https://registry.npmjs.org/buffer-equal-constant-time/-/buffer-equal-constant-time-1.0.1.tgz 0ms (cache hit)
#9 0.961 npm http cache body-parser@https://registry.npmjs.org/body-parser/-/body-parser-2.2.0.tgz 0ms (cache hit)
#9 0.961 npm http cache bindings@https://registry.npmjs.org/bindings/-/bindings-1.5.0.tgz 0ms (cache hit)
#9 0.961 npm http cache better-sqlite3@https://registry.npmjs.org/better-sqlite3/-/better-sqlite3-12.4.1.tgz 0ms (cache hit)
#9 0.961 npm http cache bl@https://registry.npmjs.org/bl/-/bl-4.1.0.tgz 0ms (cache hit)
#9 0.961 npm http cache basic-auth@https://registry.npmjs.org/basic-auth/-/basic-auth-2.0.1.tgz 0ms (cache hit)
#9 0.961 npm http cache bcryptjs@https://registry.npmjs.org/bcryptjs/-/bcryptjs-3.0.2.tgz 0ms (cache hit)
#9 0.961 npm http cache base64-js@https://registry.npmjs.org/base64-js/-/base64-js-1.5.1.tgz 0ms (cache hit)
#9 0.961 npm http cache @types/serve-static@https://registry.npmjs.org/@types/serve-static/-/serve-static-1.15.9.tgz 0ms (cache hit)
#9 0.961 npm http cache accepts@https://registry.npmjs.org/accepts/-/accepts-2.0.0.tgz 0ms (cache hit)
#9 0.961 npm http cache @types/send@https://registry.npmjs.org/@types/send/-/send-1.2.0.tgz 0ms (cache hit)
#9 0.961 npm http cache @types/range-parser@https://registry.npmjs.org/@types/range-parser/-/range-parser-1.2.7.tgz 0ms (cache hit)
#9 0.961 npm http cache @types/qs@https://registry.npmjs.org/@types/qs/-/qs-6.14.0.tgz 0ms (cache hit)
#9 0.961 npm http cache @types/pg@https://registry.npmjs.org/@types/pg/-/pg-8.15.5.tgz 0ms (cache hit)
#9 0.962 npm http cache @types/morgan@https://registry.npmjs.org/@types/morgan/-/morgan-1.9.10.tgz 0ms (cache hit)
#9 0.962 npm http cache @types/node@https://registry.npmjs.org/@types/node/-/node-24.7.2.tgz 0ms (cache hit)
#9 0.962 npm http cache @types/ms@https://registry.npmjs.org/@types/ms/-/ms-2.1.0.tgz 0ms (cache hit)
#9 0.962 npm http cache @types/mime@https://registry.npmjs.org/@types/mime/-/mime-1.3.5.tgz 0ms (cache hit)
#9 0.962 npm http cache @types/jsonwebtoken@https://registry.npmjs.org/@types/jsonwebtoken/-/jsonwebtoken-9.0.10.tgz 0ms (cache hit)
#9 0.962 npm http cache @types/express-serve-static-core@https://registry.npmjs.org/@types/express-serve-static-core/-/express-serve-static-core-5.1.0.tgz 0ms (cache hit)
#9 0.962 npm http cache @types/cors@https://registry.npmjs.org/@types/cors/-/cors-2.8.19.tgz 0ms (cache hit)
#9 0.962 npm http cache @types/http-errors@https://registry.npmjs.org/@types/http-errors/-/http-errors-2.0.5.tgz 0ms (cache hit)
#9 0.962 npm http cache @types/express@https://registry.npmjs.org/@types/express/-/express-5.0.3.tgz 0ms (cache hit)
#9 0.962 npm http cache @types/connect@https://registry.npmjs.org/@types/connect/-/connect-3.4.38.tgz 0ms (cache hit)
#9 0.962 npm http cache @types/cookie-parser@https://registry.npmjs.org/@types/cookie-parser/-/cookie-parser-1.4.9.tgz 0ms (cache hit)
#9 0.962 npm http cache @types/body-parser@https://registry.npmjs.org/@types/body-parser/-/body-parser-1.19.6.tgz 0ms (cache hit)
#9 0.962 npm http cache @types/bcryptjs@https://registry.npmjs.org/@types/bcryptjs/-/bcryptjs-2.4.6.tgz 0ms (cache hit)
#9 0.962 npm http cache @esbuild/linux-x64@https://registry.npmjs.org/@esbuild/linux-x64/-/linux-x64-0.25.10.tgz 0ms (cache hit)
#9 0.962 npm http cache iconv-lite@https://registry.npmjs.org/iconv-lite/-/iconv-lite-0.7.0.tgz 0ms (cache hit)
#9 0.963 npm http cache ms@https://registry.npmjs.org/ms/-/ms-2.0.0.tgz 0ms (cache hit)
#9 0.963 npm http cache debug@https://registry.npmjs.org/debug/-/debug-2.6.9.tgz 0ms (cache hit)
#9 0.963 npm http cache on-finished@https://registry.npmjs.org/on-finished/-/on-finished-2.3.0.tgz 0ms (cache hit)
#9 0.963 npm http cache safe-buffer@https://registry.npmjs.org/safe-buffer/-/safe-buffer-5.1.2.tgz 0ms (cache hit)
#9 0.963 npm http cache cookie-signature@https://registry.npmjs.org/cookie-signature/-/cookie-signature-1.2.2.tgz 0ms (cache hit)
#9 0.963 npm http cache statuses@https://registry.npmjs.org/statuses/-/statuses-2.0.1.tgz 0ms (cache hit)
#9 0.963 npm http cache @types/send@https://registry.npmjs.org/@types/send/-/send-0.17.5.tgz 0ms (cache hit)
#9 1.034 npm http fetch GET 200 https://registry.npmjs.org/npm 326ms
#9 1.190 npm http fetch GET 200 https://registry.npmjs.org/xtend/-/xtend-4.0.2.tgz 226ms (cache miss)
#9 1.250 npm http fetch GET 200 https://registry.npmjs.org/string_decoder/-/string_decoder-1.3.0.tgz 273ms (cache miss)
#9 1.257 npm http fetch GET 200 https://registry.npmjs.org/strip-json-comments/-/strip-json-comments-2.0.1.tgz 279ms (cache miss)
#9 1.409 npm http fetch POST 200 https://registry.npmjs.org/-/npm/v1/security/advisories/bulk 527ms
#9 1.457 npm http fetch GET 200 https://registry.npmjs.org/unpipe/-/unpipe-1.0.0.tgz 488ms (cache miss)
#9 1.466 npm http fetch GET 200 https://registry.npmjs.org/toidentifier/-/toidentifier-1.0.1.tgz 491ms (cache miss)
#9 1.475 npm http fetch GET 200 https://registry.npmjs.org/util-deprecate/-/util-deprecate-1.0.2.tgz 508ms (cache miss)
#9 1.486 npm http fetch GET 200 https://registry.npmjs.org/wrappy/-/wrappy-1.0.2.tgz 515ms (cache miss)
#9 1.495 npm http fetch GET 200 https://registry.npmjs.org/simple-concat/-/simple-concat-1.0.1.tgz 517ms (cache miss)
#9 1.495 npm http fetch GET 200 https://registry.npmjs.org/split2/-/split2-4.2.0.tgz 518ms (cache miss)
#9 1.500 npm http fetch GET 200 https://registry.npmjs.org/type-is/-/type-is-2.0.1.tgz 529ms (cache miss)
#9 1.501 npm http fetch GET 200 https://registry.npmjs.org/statuses/-/statuses-2.0.2.tgz 524ms (cache miss)
#9 1.505 npm http fetch GET 200 https://registry.npmjs.org/tunnel-agent/-/tunnel-agent-0.6.0.tgz 532ms (cache miss)
#9 1.505 npm http fetch GET 200 https://registry.npmjs.org/vary/-/vary-1.1.2.tgz 537ms (cache miss)
#9 1.518 npm http fetch GET 200 https://registry.npmjs.org/setprototypeof/-/setprototypeof-1.2.0.tgz 537ms (cache miss)
#9 1.530 npm http fetch GET 200 https://registry.npmjs.org/simple-get/-/simple-get-4.0.1.tgz 552ms (cache miss)
#9 1.531 npm http fetch GET 200 https://registry.npmjs.org/side-channel-list/-/side-channel-list-1.0.0.tgz 552ms (cache miss)
#9 1.531 npm http fetch GET 200 https://registry.npmjs.org/side-channel-weakmap/-/side-channel-weakmap-1.0.2.tgz 553ms (cache miss)
#9 1.557 npm http fetch GET 200 https://registry.npmjs.org/range-parser/-/range-parser-1.2.1.tgz 574ms (cache miss)
#9 1.570 npm http fetch GET 200 https://registry.npmjs.org/tar-stream/-/tar-stream-2.2.0.tgz 595ms (cache miss)
#9 1.571 npm http fetch GET 200 https://registry.npmjs.org/side-channel-map/-/side-channel-map-1.0.1.tgz 592ms (cache miss)
#9 1.572 npm http fetch GET 200 https://registry.npmjs.org/pump/-/pump-3.0.3.tgz 588ms (cache miss)
#9 1.597 npm http fetch GET 200 https://registry.npmjs.org/resolve-pkg-maps/-/resolve-pkg-maps-1.0.0.tgz 613ms (cache miss)
#9 1.597 npm http fetch GET 200 https://registry.npmjs.org/postgres-bytea/-/postgres-bytea-1.0.0.tgz 611ms (cache miss)
#9 1.598 npm http fetch GET 200 https://registry.npmjs.org/pgpass/-/pgpass-1.0.5.tgz 611ms (cache miss)
#9 1.604 npm http fetch GET 200 https://registry.npmjs.org/side-channel/-/side-channel-1.1.0.tgz 624ms (cache miss)
#9 1.605 npm http fetch GET 200 https://registry.npmjs.org/postgres-date/-/postgres-date-1.0.7.tgz 619ms (cache miss)
#9 1.606 npm http fetch GET 200 https://registry.npmjs.org/pg-int8/-/pg-int8-1.0.1.tgz 618ms (cache miss)
#9 1.623 npm http fetch GET 200 https://registry.npmjs.org/serve-static/-/serve-static-2.2.0.tgz 642ms (cache miss)
#9 1.623 npm http fetch GET 200 https://registry.npmjs.org/safe-buffer/-/safe-buffer-5.2.1.tgz 641ms (cache miss)
#9 1.624 npm http fetch GET 200 https://registry.npmjs.org/proxy-addr/-/proxy-addr-2.0.7.tgz 639ms (cache miss)
#9 1.637 npm http fetch GET 200 https://registry.npmjs.org/postgres-array/-/postgres-array-2.0.0.tgz 650ms (cache miss)
#9 1.637 npm http fetch GET 200 https://registry.npmjs.org/postgres-interval/-/postgres-interval-1.2.0.tgz 651ms (cache miss)
#9 1.638 npm http fetch GET 200 https://registry.npmjs.org/pg-cloudflare/-/pg-cloudflare-1.2.7.tgz 649ms (cache miss)
#9 1.664 npm http fetch GET 200 https://registry.npmjs.org/send/-/send-1.2.0.tgz 683ms (cache miss)
#9 1.664 npm http fetch GET 200 https://registry.npmjs.org/safer-buffer/-/safer-buffer-2.1.2.tgz 682ms (cache miss)
#9 1.664 npm http fetch GET 200 https://registry.npmjs.org/raw-body/-/raw-body-3.0.1.tgz 680ms (cache miss)
#9 1.682 npm http fetch GET 200 https://registry.npmjs.org/rc/-/rc-1.2.8.tgz 697ms (cache miss)
#9 1.683 npm http fetch GET 200 https://registry.npmjs.org/parseurl/-/parseurl-1.3.3.tgz 693ms (cache miss)
#9 1.717 npm http fetch GET 200 https://registry.npmjs.org/pg-connection-string/-/pg-connection-string-2.9.1.tgz 729ms (cache miss)
#9 1.718 npm http fetch GET 200 https://registry.npmjs.org/on-finished/-/on-finished-2.4.1.tgz 725ms (cache miss)
#9 1.727 npm http fetch GET 200 https://registry.npmjs.org/on-headers/-/on-headers-1.1.0.tgz 734ms (cache miss)
#9 1.735 npm http fetch GET 200 https://registry.npmjs.org/mkdirp-classic/-/mkdirp-classic-0.5.3.tgz 740ms (cache miss)
#9 1.746 npm http fetch GET 200 https://registry.npmjs.org/pg-pool/-/pg-pool-3.10.1.tgz 759ms (cache miss)
#9 1.760 npm http fetch GET 200 https://registry.npmjs.org/router/-/router-2.2.0.tgz 777ms (cache miss)
#9 1.760 npm http fetch GET 200 https://registry.npmjs.org/napi-build-utils/-/napi-build-utils-2.0.0.tgz 765ms (cache miss)
#9 1.760 npm http fetch GET 200 https://registry.npmjs.org/node-abi/-/node-abi-3.78.0.tgz 767ms (cache miss)
#9 1.766 npm http fetch GET 200 https://registry.npmjs.org/once/-/once-1.4.0.tgz 775ms (cache miss)
#9 1.777 npm http fetch GET 200 https://registry.npmjs.org/ms/-/ms-2.1.3.tgz 783ms (cache miss)
#9 1.777 npm http fetch GET 200 https://registry.npmjs.org/object-assign/-/object-assign-4.1.1.tgz 783ms (cache miss)
#9 1.778 npm http fetch GET 200 https://registry.npmjs.org/merge-descriptors/-/merge-descriptors-2.0.0.tgz 781ms (cache miss)
#9 1.801 npm http fetch GET 200 https://registry.npmjs.org/prebuild-install/-/prebuild-install-7.1.3.tgz 816ms (cache miss)
#9 1.801 npm http fetch GET 200 https://registry.npmjs.org/pg-types/-/pg-types-2.2.0.tgz 813ms (cache miss)
#9 1.802 npm http fetch GET 200 https://registry.npmjs.org/mimic-response/-/mimic-response-3.1.0.tgz 806ms (cache miss)
#9 1.803 npm http fetch GET 200 https://registry.npmjs.org/media-typer/-/media-typer-1.1.0.tgz 806ms (cache miss)
#9 1.804 npm http fetch GET 200 https://registry.npmjs.org/lodash.once/-/lodash.once-4.1.1.tgz 805ms (cache miss)
#9 1.810 npm http fetch GET 200 https://registry.npmjs.org/lodash.isplainobject/-/lodash.isplainobject-4.0.6.tgz 811ms (cache miss)
#9 1.810 npm http fetch GET 200 https://registry.npmjs.org/is-promise/-/is-promise-4.0.0.tgz 806ms (cache miss)
#9 1.810 npm http fetch GET 200 https://registry.npmjs.org/lodash.includes/-/lodash.includes-4.3.0.tgz 807ms (cache miss)
#9 1.810 npm http fetch GET 200 https://registry.npmjs.org/lodash.isnumber/-/lodash.isnumber-3.0.3.tgz 808ms (cache miss)
#9 1.811 npm http fetch GET 200 https://registry.npmjs.org/lodash.isstring/-/lodash.isstring-4.0.1.tgz 812ms (cache miss)
#9 1.839 npm http fetch GET 200 https://registry.npmjs.org/path-to-regexp/-/path-to-regexp-8.3.0.tgz 849ms (cache miss)
#9 1.841 npm http fetch GET 200 https://registry.npmjs.org/mime-types/-/mime-types-3.0.1.tgz 843ms (cache miss)
#9 1.841 npm http fetch GET 200 https://registry.npmjs.org/lodash.isinteger/-/lodash.isinteger-4.0.4.tgz 839ms (cache miss)
#9 1.842 npm http fetch GET 200 https://registry.npmjs.org/lodash.isboolean/-/lodash.isboolean-3.0.3.tgz 839ms (cache miss)
#9 1.843 npm http fetch GET 200 https://registry.npmjs.org/fs-constants/-/fs-constants-1.0.0.tgz 835ms (cache miss)
#9 1.854 npm http fetch GET 200 https://registry.npmjs.org/jws/-/jws-3.2.2.tgz 850ms (cache miss)
#9 1.854 npm http fetch GET 200 https://registry.npmjs.org/inherits/-/inherits-2.0.4.tgz 849ms (cache miss)
#9 1.854 npm http fetch GET 200 https://registry.npmjs.org/ipaddr.js/-/ipaddr.js-1.9.1.tgz 850ms (cache miss)
#9 1.854 npm http fetch GET 200 https://registry.npmjs.org/ieee754/-/ieee754-1.2.1.tgz 849ms (cache miss)
#9 1.864 npm http fetch GET 200 https://registry.npmjs.org/ini/-/ini-1.3.8.tgz 858ms (cache miss)
#9 1.864 npm http fetch GET 200 https://registry.npmjs.org/get-intrinsic/-/get-intrinsic-1.3.0.tgz 856ms (cache miss)
#9 1.865 npm http fetch GET 200 https://registry.npmjs.org/http-errors/-/http-errors-2.0.0.tgz 858ms (cache miss)
#9 1.873 npm http fetch GET 200 https://registry.npmjs.org/morgan/-/morgan-1.10.1.tgz 878ms (cache miss)
#9 1.873 npm http fetch GET 200 https://registry.npmjs.org/negotiator/-/negotiator-1.0.0.tgz 879ms (cache miss)
#9 1.874 npm http fetch GET 200 https://registry.npmjs.org/jwa/-/jwa-1.4.2.tgz 870ms (cache miss)
#9 1.874 npm http fetch GET 200 https://registry.npmjs.org/hasown/-/hasown-2.0.2.tgz 869ms (cache miss)
#9 1.874 npm http fetch GET 200 https://registry.npmjs.org/gopd/-/gopd-1.2.0.tgz 868ms (cache miss)
#9 1.875 npm http fetch GET 200 https://registry.npmjs.org/forwarded/-/forwarded-0.2.0.tgz 866ms (cache miss)
#9 1.886 npm http fetch GET 200 https://registry.npmjs.org/qs/-/qs-6.14.0.tgz 901ms (cache miss)
#9 1.888 npm http fetch GET 200 https://registry.npmjs.org/function-bind/-/function-bind-1.1.2.tgz 880ms (cache miss)
#9 1.888 npm http fetch GET 200 https://registry.npmjs.org/github-from-package/-/github-from-package-0.0.0.tgz 881ms (cache miss)
#9 1.889 npm http fetch GET 200 https://registry.npmjs.org/get-proto/-/get-proto-1.0.1.tgz 882ms (cache miss)
#9 1.897 npm http fetch GET 200 https://registry.npmjs.org/expand-template/-/expand-template-2.0.3.tgz 888ms (cache miss)
#9 1.898 npm http fetch GET 200 https://registry.npmjs.org/etag/-/etag-1.8.1.tgz 888ms (cache miss)
#9 1.898 npm http fetch GET 200 https://registry.npmjs.org/es-object-atoms/-/es-object-atoms-1.1.1.tgz 888ms (cache miss)
#9 1.899 npm http fetch GET 200 https://registry.npmjs.org/ee-first/-/ee-first-1.1.1.tgz 887ms (cache miss)
#9 1.916 npm http fetch GET 200 https://registry.npmjs.org/finalhandler/-/finalhandler-2.1.0.tgz 907ms (cache miss)
#9 1.916 npm http fetch GET 200 https://registry.npmjs.org/escape-html/-/escape-html-1.0.3.tgz 906ms (cache miss)
#9 1.924 npm http fetch GET 200 https://registry.npmjs.org/fresh/-/fresh-2.0.0.tgz 916ms (cache miss)
#9 1.925 npm http fetch GET 200 https://registry.npmjs.org/encodeurl/-/encodeurl-2.0.0.tgz 913ms (cache miss)
#9 1.930 npm http fetch GET 200 https://registry.npmjs.org/dunder-proto/-/dunder-proto-1.0.1.tgz 917ms (cache miss)
#9 1.930 npm http fetch GET 200 https://registry.npmjs.org/tar-fs/-/tar-fs-2.1.4.tgz 954ms (cache miss)
#9 1.932 npm http fetch GET 200 https://registry.npmjs.org/es-define-property/-/es-define-property-1.0.1.tgz 921ms (cache miss)
#9 1.938 npm http fetch GET 200 https://registry.npmjs.org/end-of-stream/-/end-of-stream-1.4.5.tgz 926ms (cache miss)
#9 1.939 npm http fetch GET 200 https://registry.npmjs.org/deep-extend/-/deep-extend-0.6.0.tgz 924ms (cache miss)
#9 1.941 npm http fetch GET 200 https://registry.npmjs.org/mime-db/-/mime-db-1.54.0.tgz 945ms (cache miss)
#9 1.942 npm http fetch GET 200 https://registry.npmjs.org/file-uri-to-path/-/file-uri-to-path-1.0.0.tgz 932ms (cache miss)
#9 1.943 npm http fetch GET 200 https://registry.npmjs.org/cookie-signature/-/cookie-signature-1.0.6.tgz 926ms (cache miss)
#9 1.943 npm http fetch GET 200 https://registry.npmjs.org/decompress-response/-/decompress-response-6.0.0.tgz 928ms (cache miss)
#9 1.943 npm http fetch GET 200 https://registry.npmjs.org/content-type/-/content-type-1.0.5.tgz 925ms (cache miss)
#9 1.949 npm http fetch GET 200 https://registry.npmjs.org/ecdsa-sig-formatter/-/ecdsa-sig-formatter-1.0.11.tgz 936ms (cache miss)
#9 1.958 npm http fetch GET 200 https://registry.npmjs.org/detect-libc/-/detect-libc-2.1.2.tgz 944ms (cache miss)
#9 1.960 npm http fetch GET 200 https://registry.npmjs.org/cors/-/cors-2.8.5.tgz 945ms (cache miss)
#9 1.960 npm http fetch GET 200 https://registry.npmjs.org/cookie-parser/-/cookie-parser-1.4.7.tgz 943ms (cache miss)
#9 1.972 npm http fetch GET 200 https://registry.npmjs.org/debug/-/debug-4.4.3.tgz 958ms (cache miss)
#9 1.973 npm http fetch GET 200 https://registry.npmjs.org/call-bound/-/call-bound-1.0.4.tgz 954ms (cache miss)
#9 1.974 npm http fetch GET 200 https://registry.npmjs.org/content-disposition/-/content-disposition-1.0.0.tgz 957ms (cache miss)
#9 1.981 npm http fetch GET 200 https://registry.npmjs.org/cookie/-/cookie-0.7.2.tgz 965ms (cache miss)
#9 1.982 npm http fetch GET 200 https://registry.npmjs.org/buffer-equal-constant-time/-/buffer-equal-constant-time-1.0.1.tgz 962ms (cache miss)
#9 1.983 npm http fetch GET 200 https://registry.npmjs.org/bytes/-/bytes-3.1.2.tgz 963ms (cache miss)
#9 1.993 npm http fetch GET 200 https://registry.npmjs.org/chownr/-/chownr-1.1.4.tgz 974ms (cache miss)
#9 1.998 npm http fetch GET 200 https://registry.npmjs.org/depd/-/depd-2.0.0.tgz 984ms (cache miss)
#9 2.000 npm http fetch GET 200 https://registry.npmjs.org/pg/-/pg-8.16.3.tgz 1010ms (cache miss)
#9 2.001 npm http fetch GET 200 https://registry.npmjs.org/es-errors/-/es-errors-1.3.0.tgz 989ms (cache miss)
#9 2.006 npm http fetch GET 200 https://registry.npmjs.org/body-parser/-/body-parser-2.2.0.tgz 986ms (cache miss)
#9 2.006 npm http fetch GET 200 https://registry.npmjs.org/base64-js/-/base64-js-1.5.1.tgz 984ms (cache miss)
#9 2.007 npm http fetch GET 200 https://registry.npmjs.org/@types/serve-static/-/serve-static-1.15.9.tgz 985ms (cache miss)
#9 2.016 npm http fetch GET 200 https://registry.npmjs.org/buffer/-/buffer-5.7.1.tgz 996ms (cache miss)
#9 2.017 npm http fetch GET 200 https://registry.npmjs.org/accepts/-/accepts-2.0.0.tgz 994ms (cache miss)
#9 2.018 npm http fetch GET 200 https://registry.npmjs.org/@types/morgan/-/morgan-1.9.10.tgz 994ms (cache miss)
#9 2.018 npm http fetch GET 200 https://registry.npmjs.org/@types/qs/-/qs-6.14.0.tgz 995ms (cache miss)
#9 2.022 npm http fetch GET 200 https://registry.npmjs.org/semver/-/semver-7.7.3.tgz 1040ms (cache miss)
#9 2.024 npm http fetch GET 200 https://registry.npmjs.org/bindings/-/bindings-1.5.0.tgz 1004ms (cache miss)
#9 2.025 npm http fetch GET 200 https://registry.npmjs.org/basic-auth/-/basic-auth-2.0.1.tgz 1004ms (cache miss)
#9 2.025 npm http fetch GET 200 https://registry.npmjs.org/@types/pg/-/pg-8.15.5.tgz 1001ms (cache miss)
#9 2.026 npm http fetch GET 200 https://registry.npmjs.org/@types/mime/-/mime-1.3.5.tgz 1001ms (cache miss)
#9 2.033 npm http fetch GET 200 https://registry.npmjs.org/bl/-/bl-4.1.0.tgz 1012ms (cache miss)
#9 2.038 npm http fetch GET 200 https://registry.npmjs.org/jsonwebtoken/-/jsonwebtoken-9.0.2.tgz 1033ms (cache miss)
#9 2.039 npm http fetch GET 200 https://registry.npmjs.org/@types/range-parser/-/range-parser-1.2.7.tgz 1016ms (cache miss)
#9 2.042 npm http fetch GET 200 https://registry.npmjs.org/has-symbols/-/has-symbols-1.1.0.tgz 1036ms (cache miss)
#9 2.043 npm http fetch GET 200 https://registry.npmjs.org/@types/ms/-/ms-2.1.0.tgz 1019ms (cache miss)
#9 2.044 npm http fetch GET 200 https://registry.npmjs.org/@types/cors/-/cors-2.8.19.tgz 1018ms (cache miss)
#9 2.044 npm http fetch GET 200 https://registry.npmjs.org/@types/jsonwebtoken/-/jsonwebtoken-9.0.10.tgz 1019ms (cache miss)
#9 2.049 npm http fetch GET 200 https://registry.npmjs.org/@types/body-parser/-/body-parser-1.19.6.tgz 1022ms (cache miss)
#9 2.052 npm http fetch GET 200 https://registry.npmjs.org/@types/http-errors/-/http-errors-2.0.5.tgz 1026ms (cache miss)
#9 2.053 npm http fetch GET 200 https://registry.npmjs.org/ms/-/ms-2.0.0.tgz 990ms (cache miss)
#9 2.053 npm http fetch GET 200 https://registry.npmjs.org/@types/connect/-/connect-3.4.38.tgz 1027ms (cache miss)
#9 2.054 npm http fetch GET 200 https://registry.npmjs.org/minimist/-/minimist-1.2.8.tgz 1058ms (cache miss)
#9 2.056 npm http fetch GET 200 https://registry.npmjs.org/call-bind-apply-helpers/-/call-bind-apply-helpers-1.0.2.tgz 1037ms (cache miss)
#9 2.056 npm http fetch GET 200 https://registry.npmjs.org/@types/express/-/express-5.0.3.tgz 1030ms (cache miss)
#9 2.057 npm http fetch GET 200 https://registry.npmjs.org/@types/send/-/send-1.2.0.tgz 1034ms (cache miss)
#9 2.057 npm http fetch GET 200 https://registry.npmjs.org/statuses/-/statuses-2.0.1.tgz 993ms (cache miss)
#9 2.059 npm http fetch GET 200 https://registry.npmjs.org/@types/cookie-parser/-/cookie-parser-1.4.9.tgz 1033ms (cache miss)
#9 2.061 npm http fetch GET 200 https://registry.npmjs.org/@types/express-serve-static-core/-/express-serve-static-core-5.1.0.tgz 1036ms (cache miss)
#9 2.061 npm http fetch GET 200 https://registry.npmjs.org/bcryptjs/-/bcryptjs-3.0.2.tgz 1039ms (cache miss)
#9 2.062 npm http fetch GET 200 https://registry.npmjs.org/dotenv/-/dotenv-17.2.3.tgz 1048ms (cache miss)
#9 2.063 npm http fetch GET 200 https://registry.npmjs.org/math-intrinsics/-/math-intrinsics-1.1.0.tgz 1066ms (cache miss)
#9 2.064 npm http fetch GET 200 https://registry.npmjs.org/cookie-signature/-/cookie-signature-1.2.2.tgz 1000ms (cache miss)
#9 2.065 npm http fetch GET 200 https://registry.npmjs.org/esbuild/-/esbuild-0.25.10.tgz 1054ms (cache miss)
#9 2.066 npm http fetch GET 200 https://registry.npmjs.org/@types/bcryptjs/-/bcryptjs-2.4.6.tgz 1039ms (cache miss)
#9 2.067 npm http fetch GET 200 https://registry.npmjs.org/readable-stream/-/readable-stream-3.6.2.tgz 1084ms (cache miss)
#9 2.068 npm http fetch GET 200 https://registry.npmjs.org/on-finished/-/on-finished-2.3.0.tgz 1005ms (cache miss)
#9 2.069 npm http fetch GET 200 https://registry.npmjs.org/@types/send/-/send-0.17.5.tgz 1005ms (cache miss)
#9 2.069 npm http fetch GET 200 https://registry.npmjs.org/jws 656ms (cache miss)
#9 2.074 npm http fetch GET 200 https://registry.npmjs.org/safe-buffer/-/safe-buffer-5.1.2.tgz 1011ms (cache miss)
#9 2.076 npm http fetch GET 200 https://registry.npmjs.org/undici-types/-/undici-types-7.14.0.tgz 1106ms (cache miss)
#9 2.081 npm http fetch GET 200 https://registry.npmjs.org/express/-/express-5.1.0.tgz 1072ms (cache miss)
#9 2.083 npm http fetch GET 200 https://registry.npmjs.org/qs 670ms (cache miss)
#9 2.087 npm http fetch GET 200 https://registry.npmjs.org/body-parser 675ms (cache miss)
#9 2.091 npm http fetch GET 200 https://registry.npmjs.org/get-tsconfig/-/get-tsconfig-4.12.0.tgz 1084ms (cache miss)
#9 2.097 npm http fetch GET 200 https://registry.npmjs.org/debug/-/debug-2.6.9.tgz 1034ms (cache miss)
#9 2.102 npm http fetch GET 200 https://registry.npmjs.org/object-inspect/-/object-inspect-1.13.4.tgz 1109ms (cache miss)
#9 2.110 npm http fetch GET 200 https://registry.npmjs.org/pg-protocol/-/pg-protocol-1.10.3.tgz 1122ms (cache miss)
#9 2.121 npm http fetch GET 200 https://registry.npmjs.org/iconv-lite/-/iconv-lite-0.6.3.tgz 1115ms (cache miss)
#9 2.140 npm http fetch GET 200 https://registry.npmjs.org/tsx/-/tsx-4.20.6.tgz 1168ms (cache miss)
#9 2.147 npm http fetch GET 200 https://registry.npmjs.org/iconv-lite/-/iconv-lite-0.7.0.tgz 1085ms (cache miss)
#9 2.188 npm http fetch GET 200 https://registry.npmjs.org/express 71ms (cache miss)
#9 2.263 npm http fetch GET 200 https://registry.npmjs.org/@types/node/-/node-24.7.2.tgz 1238ms (cache miss)
#9 2.265 npm http fetch GET 200 https://registry.npmjs.org/jsonwebtoken 52ms (cache miss)
#9 2.433 npm http fetch GET 200 https://registry.npmjs.org/better-sqlite3/-/better-sqlite3-12.4.1.tgz 1412ms (cache miss)
#9 2.438 npm http fetch GET 200 https://registry.npmjs.org/@esbuild/linux-x64/-/linux-x64-0.25.10.tgz 1411ms (cache miss)
#9 2.532 npm http fetch GET 200 https://registry.npmjs.org/typescript/-/typescript-5.9.3.tgz 1558ms (cache miss)
#9 2.542 npm info run better-sqlite3@12.4.1 install node_modules/better-sqlite3 prebuild-install || node-gyp rebuild --release
